<?xml version="1.0" encoding="UTF-8" ?>
<testsuite failures="0" time="1.236" errors="0" skipped="0" tests="24" name="com.codenjoy.dojo.spacerace.model.SpaceraceTest">
  <properties>
[...]
</properties>
  <testcase time="0.01" classname="com.codenjoy.dojo.spacerace.model.SpaceraceTest" name="shouldStoneAppearsEvery3seconds"/>
  <testcase time="0.01" classname="com.codenjoy.dojo.spacerace.model.SpaceraceTest" name="shouldHeroRechargeBulletsWhenItEmpty"/>
  <testcase time="0.007" classname="com.codenjoy.dojo.spacerace.model.SpaceraceTest" name="shouldNewBombAndNewStoneAtNewPlace"/>
  <testcase time="0.011" classname="com.codenjoy.dojo.spacerace.model.SpaceraceTest" name="shouldBombRemovedWhenOutsideBorder"/>
  <testcase time="0.012" classname="com.codenjoy.dojo.spacerace.model.SpaceraceTest" name="shouldNewBombAndNewStoneAtNewPlace2"/>
  <testcase time="0.011" classname="com.codenjoy.dojo.spacerace.model.SpaceraceTest" name="shouldBombDestroyedByBulletNew"/>
  <testcase time="0.393" classname="com.codenjoy.dojo.spacerace.model.SpaceraceTest" name="shouldBombDestroyHeroAndResurrectionHero"/>
  <testcase time="0.264" classname="com.codenjoy.dojo.spacerace.model.SpaceraceTest" name="shouldBombDestroyMeNearRightAndResurrectHero"/>
  <testcase time="0.111" classname="com.codenjoy.dojo.spacerace.model.SpaceraceTest" name="shouldFieldAtStart"/>
  <testcase time="0" classname="com.codenjoy.dojo.spacerace.model.SpaceraceTest" name="shouldFieldIcanMove"/>
  <testcase time="0" classname="com.codenjoy.dojo.spacerace.model.SpaceraceTest" name="shouldNewStone"/>
  <testcase time="0" classname="com.codenjoy.dojo.spacerace.model.SpaceraceTest" name="shouldStoneMove"/>
  <testcase time="0" classname="com.codenjoy.dojo.spacerace.model.SpaceraceTest" name="shouldHeroShoot"/>
  <testcase time="0.012" classname="com.codenjoy.dojo.spacerace.model.SpaceraceTest" name="shouldNewBomb"/>
  <testcase time="0" classname="com.codenjoy.dojo.spacerace.model.SpaceraceTest" name="shouldRechargeWhenDie"/>
  <testcase time="0.02" classname="com.codenjoy.dojo.spacerace.model.SpaceraceTest" name="shouldBulletOutOfTheBoard"/>
  <testcase time="0" classname="com.codenjoy.dojo.spacerace.model.SpaceraceTest" name="shouldStoneDestroyedByBullet"/>
  <testcase time="0.009" classname="com.codenjoy.dojo.spacerace.model.SpaceraceTest" name="shouldStoneDestroyedByBullet2"/>
  <testcase time="0.008" classname="com.codenjoy.dojo.spacerace.model.SpaceraceTest" name="shouldNewBombAtRandomPlace"/>
  <testcase time="0.009" classname="com.codenjoy.dojo.spacerace.model.SpaceraceTest" name="shouldBombDestroyedByBullet"/>
  <testcase time="0.008" classname="com.codenjoy.dojo.spacerace.model.SpaceraceTest" name="shouldBombDestroyedByBullet2"/>
  <testcase time="0.327" classname="com.codenjoy.dojo.spacerace.model.SpaceraceTest" name="shouldBombDestroyHero"/>
  <testcase time="0" classname="com.codenjoy.dojo.spacerace.model.SpaceraceTest" name="shouldStoneDestroyHero"/>
  <testcase time="0.006" classname="com.codenjoy.dojo.spacerace.model.SpaceraceTest" name="shouldCountScores"/>
</testsuite>